<?xml version="1.0" encoding="UTF-8"?>
<testsuite xmlns:xsi="http://www.w3.org/2001/XMLSchema-instance" xsi:noNamespaceSchemaLocation="https://maven.apache.org/surefire/maven-surefire-plugin/xsd/surefire-test-report.xsd" name="com.aisle.service.impl.GameOfLifeImplTest" time="0.046" tests="4" errors="0" skipped="0" failures="0">
  <properties>
[...]
</properties>
  <testcase name="testBlockPattern" classname="com.aisle.service.impl.GameOfLifeImplTest" time="0.03"/>
  <testcase name="testBlinkerPattern" classname="com.aisle.service.impl.GameOfLifeImplTest" time="0"/>
  <testcase name="testToadPattern" classname="com.aisle.service.impl.GameOfLifeImplTest" time="0.002"/>
  <testcase name="testBoatPattern" classname="com.aisle.service.impl.GameOfLifeImplTest" time="0.001"/>
</testsuite>